2022-12-13 18:05:13,002 [INFO] com.staffdetails.StaffDetailsServiceApplication[1.] [restartedMain]Starting StaffDetailsServiceApplication using Java 17.0.4.1 on INLEN8520051813 with PID 11756 (C:\Users\BHARAKN\Desktop\HMS\HotleManagementSystem\staffDetailsService\target\classes started by BHARAKN in C:\Users\BHARAKN\Desktop\HMS\HotleManagementSystem\staffDetailsService)
2022-12-13 18:05:13,002 [INFO] com.staffdetails.StaffDetailsServiceApplication[1.] [restartedMain]No active profile set, falling back to 1 default profile: "default"
2022-12-13 18:05:13,338 [INFO] org.springframework.data.repository.config.RepositoryConfigurationDelegate[1.] [restartedMain]Bootstrapping Spring Data MongoDB repositories in DEFAULT mode.
2022-12-13 18:05:13,353 [INFO] org.springframework.data.repository.config.RepositoryConfigurationDelegate[1.] [restartedMain]Finished Spring Data repository scanning in 15 ms. Found 1 MongoDB repository interfaces.
2022-12-13 18:05:13,485 [INFO] org.springframework.cloud.context.scope.GenericScope[1.] [restartedMain]BeanFactory id=67ec8241-8430-3752-adce-2d17f09409b0
2022-12-13 18:05:13,613 [INFO] org.springframework.boot.web.embedded.tomcat.TomcatWebServer[1.] [restartedMain]Tomcat initialized with port(s): 1003 (http)
2022-12-13 18:05:13,614 [INFO] org.apache.catalina.core.StandardService[1.] [restartedMain]Starting service [Tomcat]
2022-12-13 18:05:13,614 [INFO] org.apache.catalina.core.StandardEngine[1.] [restartedMain]Starting Servlet engine: [Apache Tomcat/9.0.68]
2022-12-13 18:05:13,678 [INFO] org.apache.catalina.core.ContainerBase.[Tomcat].[localhost].[/][1.] [restartedMain]Initializing Spring embedded WebApplicationContext
2022-12-13 18:05:13,678 [INFO] org.springframework.boot.web.servlet.context.ServletWebServerApplicationContext[1.] [restartedMain]Root WebApplicationContext: initialization completed in 674 ms
2022-12-13 18:05:13,760 [INFO] org.mongodb.driver.client[1.] [restartedMain]MongoClient with metadata {"driver": {"name": "mongo-java-driver|sync|spring-boot", "version": "4.6.1"}, "os": {"type": "Windows", "name": "Windows 11", "architecture": "amd64", "version": "10.0"}, "platform": "Java/Eclipse Adoptium/17.0.4.1+1"} created with settings MongoClientSettings{readPreference=primary, writeConcern=WriteConcern{w=null, wTimeout=null ms, journal=null}, retryWrites=true, retryReads=true, readConcern=ReadConcern{level=null}, credential=null, streamFactoryFactory=null, commandListeners=[io.micrometer.core.instrument.binder.mongodb.MongoMetricsCommandListener@61fffa6e], codecRegistry=ProvidersCodecRegistry{codecProviders=[ValueCodecProvider{}, BsonValueCodecProvider{}, DBRefCodecProvider{}, DBObjectCodecProvider{}, DocumentCodecProvider{}, IterableCodecProvider{}, MapCodecProvider{}, GeoJsonCodecProvider{}, GridFSFileCodecProvider{}, Jsr310CodecProvider{}, JsonObjectCodecProvider{}, BsonCodecProvider{}, EnumCodecProvider{}, com.mongodb.Jep395RecordCodecProvider@4d4b5ae0]}, clusterSettings={hosts=[localhost:27017], srvServiceName=mongodb, mode=SINGLE, requiredClusterType=UNKNOWN, requiredReplicaSetName='null', serverSelector='null', clusterListeners='[]', serverSelectionTimeout='30000 ms', localThreshold='30000 ms'}, socketSettings=SocketSettings{connectTimeoutMS=10000, readTimeoutMS=0, receiveBufferSize=0, sendBufferSize=0}, heartbeatSocketSettings=SocketSettings{connectTimeoutMS=10000, readTimeoutMS=10000, receiveBufferSize=0, sendBufferSize=0}, connectionPoolSettings=ConnectionPoolSettings{maxSize=100, minSize=0, maxWaitTimeMS=120000, maxConnectionLifeTimeMS=0, maxConnectionIdleTimeMS=0, maintenanceInitialDelayMS=0, maintenanceFrequencyMS=60000, connectionPoolListeners=[io.micrometer.core.instrument.binder.mongodb.MongoMetricsConnectionPoolListener@9e5b8f9], maxConnecting=2}, serverSettings=ServerSettings{heartbeatFrequencyMS=10000, minHeartbeatFrequencyMS=500, serverListeners='[]', serverMonitorListeners='[]'}, sslSettings=SslSettings{enabled=false, invalidHostNameAllowed=false, context=null}, applicationName='null', compressorList=[], uuidRepresentation=JAVA_LEGACY, serverApi=null, autoEncryptionSettings=null, contextProvider=null}
2022-12-13 18:05:13,782 [WARN] org.springframework.data.convert.CustomConversions[1.] [restartedMain]Registering converter from class java.time.LocalDateTime to class org.joda.time.LocalDateTime as reading converter although it doesn't convert from a store-supported type; You might want to check your annotation setup at the converter implementation
2022-12-13 18:05:13,783 [INFO] org.mongodb.driver.connection[1.] [cluster-ClusterId{value='63987181dae1d7729bc507c2', description='null'}-localhost:27017]Opened connection [connectionId{localValue:5764, serverValue:42}] to localhost:27017
2022-12-13 18:05:13,784 [INFO] org.mongodb.driver.cluster[1.] [cluster-ClusterId{value='63987181dae1d7729bc507c2', description='null'}-localhost:27017]Monitor thread successfully connected to server with description ServerDescription{address=localhost:27017, type=STANDALONE, state=CONNECTED, ok=true, minWireVersion=0, maxWireVersion=8, maxDocumentSize=16777216, logicalSessionTimeoutMinutes=30, roundTripTimeNanos=25898800}
2022-12-13 18:05:13,785 [INFO] org.mongodb.driver.connection[1.] [cluster-rtt-ClusterId{value='63987181dae1d7729bc507c2', description='null'}-localhost:27017]Opened connection [connectionId{localValue:5765, serverValue:43}] to localhost:27017
2022-12-13 18:05:13,807 [WARN] org.springframework.boot.devtools.autoconfigure.OptionalLiveReloadServer[1.] [restartedMain]Unable to start LiveReload server
2022-12-13 18:05:13,819 [WARN] org.springframework.data.convert.CustomConversions[1.] [restartedMain]Registering converter from class java.time.LocalDateTime to class org.joda.time.LocalDateTime as reading converter although it doesn't convert from a store-supported type; You might want to check your annotation setup at the converter implementation
2022-12-13 18:05:14,487 [INFO] org.springframework.boot.actuate.endpoint.web.EndpointLinksResolver[1.] [restartedMain]Exposing 1 endpoint(s) beneath base path '/actuator'
2022-12-13 18:05:14,662 [INFO] org.springframework.cloud.netflix.eureka.config.DiscoveryClientOptionalArgsConfiguration[1.] [restartedMain]Eureka HTTP Client uses Jersey
2022-12-13 18:05:14,687 [WARN] org.springframework.cloud.loadbalancer.config.LoadBalancerCacheAutoConfiguration$LoadBalancerCaffeineWarnLogger[1.] [restartedMain]Spring Cloud LoadBalancer is currently working with the default cache. While this cache implementation is useful for development and tests, it's recommended to use Caffeine cache in production.You can switch to using Caffeine cache, by adding it and org.springframework.cache.caffeine.CaffeineCacheManager to the classpath.
2022-12-13 18:05:14,710 [INFO] org.springframework.cloud.netflix.eureka.InstanceInfoFactory[1.] [restartedMain]Setting initial instance status as: STARTING
2022-12-13 18:05:14,713 [INFO] com.netflix.discovery.DiscoveryClient[1.] [restartedMain]Initializing Eureka in region us-east-1
2022-12-13 18:05:14,715 [INFO] com.netflix.discovery.provider.DiscoveryJerseyProvider[1.] [restartedMain]Using JSON encoding codec LegacyJacksonJson
2022-12-13 18:05:14,715 [INFO] com.netflix.discovery.provider.DiscoveryJerseyProvider[1.] [restartedMain]Using JSON decoding codec LegacyJacksonJson
2022-12-13 18:05:14,715 [INFO] com.netflix.discovery.provider.DiscoveryJerseyProvider[1.] [restartedMain]Using XML encoding codec XStreamXml
2022-12-13 18:05:14,715 [INFO] com.netflix.discovery.provider.DiscoveryJerseyProvider[1.] [restartedMain]Using XML decoding codec XStreamXml
2022-12-13 18:05:14,759 [INFO] com.netflix.discovery.shared.resolver.aws.ConfigClusterResolver[1.] [restartedMain]Resolving eureka endpoints via configuration
2022-12-13 18:05:14,760 [INFO] com.netflix.discovery.DiscoveryClient[1.] [restartedMain]Disable delta property : false
2022-12-13 18:05:14,760 [INFO] com.netflix.discovery.DiscoveryClient[1.] [restartedMain]Single vip registry refresh property : null
2022-12-13 18:05:14,760 [INFO] com.netflix.discovery.DiscoveryClient[1.] [restartedMain]Force full registry fetch : false
2022-12-13 18:05:14,760 [INFO] com.netflix.discovery.DiscoveryClient[1.] [restartedMain]Application is null : false
2022-12-13 18:05:14,760 [INFO] com.netflix.discovery.DiscoveryClient[1.] [restartedMain]Registered Applications size is zero : true
2022-12-13 18:05:14,760 [INFO] com.netflix.discovery.DiscoveryClient[1.] [restartedMain]Application version is -1: true
2022-12-13 18:05:14,760 [INFO] com.netflix.discovery.DiscoveryClient[1.] [restartedMain]Getting all instance registry info from the eureka server
2022-12-13 18:05:14,763 [INFO] com.netflix.discovery.DiscoveryClient[1.] [restartedMain]The response status is 200
2022-12-13 18:05:14,764 [INFO] com.netflix.discovery.DiscoveryClient[1.] [restartedMain]Starting heartbeat executor: renew interval is: 30
2022-12-13 18:05:14,765 [INFO] com.netflix.discovery.InstanceInfoReplicator[1.] [restartedMain]InstanceInfoReplicator onDemand update allowed rate per min is 4
2022-12-13 18:05:14,766 [INFO] com.netflix.discovery.DiscoveryClient[1.] [restartedMain]Discovery Client initialized at timestamp 1670934914766 with initial instances count: 5
2022-12-13 18:05:14,767 [INFO] org.springframework.cloud.netflix.eureka.serviceregistry.EurekaServiceRegistry[1.] [restartedMain]Registering application STAFFDETAILS with eureka with status UP
2022-12-13 18:05:14,767 [INFO] com.netflix.discovery.DiscoveryClient[1.] [restartedMain]Saw local status change event StatusChangeEvent [timestamp=1670934914767, current=UP, previous=STARTING]
2022-12-13 18:05:14,767 [INFO] com.netflix.discovery.DiscoveryClient[1.] [DiscoveryClient-InstanceInfoReplicator-0]DiscoveryClient_STAFFDETAILS/INLEN8520051813.corp.capgemini.com:StaffDetails:1003: registering service...
2022-12-13 18:05:14,769 [INFO] com.netflix.discovery.DiscoveryClient[1.] [DiscoveryClient-InstanceInfoReplicator-0]DiscoveryClient_STAFFDETAILS/INLEN8520051813.corp.capgemini.com:StaffDetails:1003 - registration status: 204
2022-12-13 18:05:14,771 [INFO] org.springframework.boot.web.embedded.tomcat.TomcatWebServer[1.] [restartedMain]Tomcat started on port(s): 1003 (http) with context path ''
2022-12-13 18:05:14,772 [INFO] org.springframework.cloud.netflix.eureka.serviceregistry.EurekaAutoServiceRegistration[1.] [restartedMain]Updating port to 1003
2022-12-13 18:05:14,879 [INFO] com.staffdetails.StaffDetailsServiceApplication[1.] [restartedMain]Started StaffDetailsServiceApplication in 2.024 seconds (JVM running for 517385.26)
2022-12-13 18:05:14,885 [INFO] org.springframework.boot.devtools.autoconfigure.ConditionEvaluationDeltaLoggingListener[1.] [restartedMain]Condition evaluation delta:


==========================
CONDITION EVALUATION DELTA
==========================


Positive matches:
-----------------

   LogFileWebEndpointAutoConfiguration#logFileWebEndpoint matched:
      - Log File found logging.file.name appLog.log (LogFileWebEndpointAutoConfiguration.LogFileCondition)
      - @ConditionalOnMissingBean (types: org.springframework.boot.actuate.logging.LogFileWebEndpoint; SearchStrategy: all) did not find any beans (OnBeanCondition)


Negative matches:
-----------------

    None


Exclusions:
-----------

    None


Unconditional classes:
----------------------

    None



2022-12-13 18:05:43,303 [INFO] org.springframework.boot.devtools.autoconfigure.LocalDevToolsAutoConfiguration$RestartingClassPathChangeChangedEventListener[1.] [File Watcher]Restarting due to 1 class path change (1 addition, 0 deletions, 0 modifications)
2022-12-13 18:05:43,305 [INFO] org.springframework.cloud.netflix.eureka.serviceregistry.EurekaServiceRegistry[1.] [Thread-7]Unregistering application STAFFDETAILS with eureka with status DOWN
2022-12-13 18:05:43,306 [INFO] com.netflix.discovery.DiscoveryClient[1.] [Thread-7]Saw local status change event StatusChangeEvent [timestamp=1670934943306, current=DOWN, previous=UP]
2022-12-13 18:05:43,307 [INFO] com.netflix.discovery.DiscoveryClient[1.] [DiscoveryClient-InstanceInfoReplicator-0]DiscoveryClient_STAFFDETAILS/INLEN8520051813.corp.capgemini.com:StaffDetails:1003: registering service...
2022-12-13 18:05:43,312 [INFO] com.netflix.discovery.DiscoveryClient[1.] [DiscoveryClient-InstanceInfoReplicator-0]DiscoveryClient_STAFFDETAILS/INLEN8520051813.corp.capgemini.com:StaffDetails:1003 - registration status: 204
2022-12-13 18:05:43,346 [INFO] org.apache.catalina.core.StandardService[1.] [Thread-7]Stopping service [Tomcat]
2022-12-13 18:05:43,353 [INFO] com.netflix.discovery.DiscoveryClient[1.] [Thread-7]Shutting down DiscoveryClient ...
2022-12-13 18:05:46,354 [WARN] com.netflix.discovery.TimedSupervisorTask[1.] [DiscoveryClient-0]task supervisor shutting down, can't accept the task
2022-12-13 18:05:46,354 [INFO] com.netflix.discovery.DiscoveryClient[1.] [Thread-7]Unregistering ...
2022-12-13 18:05:46,358 [INFO] com.netflix.discovery.DiscoveryClient[1.] [Thread-7]DiscoveryClient_STAFFDETAILS/INLEN8520051813.corp.capgemini.com:StaffDetails:1003 - deregister  status: 200
2022-12-13 18:05:46,367 [INFO] com.netflix.discovery.DiscoveryClient[1.] [Thread-7]Completed shut down of DiscoveryClient
